<?xml version="1.0" encoding="UTF-8"?>
<testng-results skipped="0" failed="0" ignored="0" total="1" passed="1">
  <reporter-output>
  </reporter-output>
  <suite name="Default suite" duration-ms="12562" started-at="2020-02-16T18:43:01 IST" finished-at="2020-02-16T18:43:13 IST">
    <groups>
    </groups>
    <test name="Default test" duration-ms="12562" started-at="2020-02-16T18:43:01 IST" finished-at="2020-02-16T18:43:13 IST">
      <class name="com.Myproject.frameTest">
        <test-method status="PASS" signature="frames()[pri:0, instance:com.Myproject.frameTest@627551fb]" name="frames" duration-ms="12481" started-at="2020-02-16T18:43:01 IST" finished-at="2020-02-16T18:43:13 IST">
          <reporter-output>
          </reporter-output>
        </test-method> <!-- frames -->
      </class> <!-- com.Myproject.frameTest -->
    </test> <!-- Default test -->
  </suite> <!-- Default suite -->
</testng-results>
